<?xml version="1.0" encoding="UTF-8"?>
<!-- Generated by org.testng.reporters.JUnitXMLReporter -->
<testsuite hostname="user-PC" failures="0" tests="3" name="Home Loan" time="0.04" errors="0" timestamp="24 Sep 2021 07:32:03 GMT">
  <testcase classname="TestNG_Practices.homeLoan" name="loginHomeApi" time="0.002"/>
  <testcase classname="TestNG_Practices.homeLoan" name="mobileHomeLogin" time="0.003"/>
  <testcase classname="TestNG_Practices.homeLoan" name="webHomeLogin" time="0.003"/>
</testsuite> <!-- Home Loan -->
